<?xml version="1.0" encoding="UTF-8"?>
<!-- Generated by org.testng.reporters.JUnitXMLReporter -->
<testsuite ignored="2" hostname="rayyxdbtw" failures="0" tests="2" name="GRP-database" time="0.043" errors="0" timestamp="2025-01-25T15:17:59 GMT+05:00">
  <testcase classname="Tests.TestSuite" name="test1" time="0.005"/>
  <testcase classname="Tests.TestSuite" name="test2" time="0.007"/>
  <testcase classname="Tests.TestSuite" name="test4" time="0.0">
    <ignored/>
  </testcase> <!-- test4 -->
  <testcase classname="Tests.TestSuite" name="test3" time="0.0">
    <ignored/>
  </testcase> <!-- test3 -->
</testsuite> <!-- GRP-database -->
