<?xml version="1.0" encoding="UTF-8"?>
<!-- Generated by org.testng.reporters.JUnitXMLReporter -->
<testsuite ignored="0" hostname="rayyxdbtw" failures="0" tests="4" name="Default test" time="0.314" errors="0" timestamp="2025-01-29T17:58:03 GMT+05:00">
  <testcase classname="Tests.TestSuite" name="test1" time="0.01"/>
  <testcase classname="Tests.TestSuite" name="test2" time="0.001"/>
  <testcase classname="Tests.TestSuite" name="test3" time="0.006"/>
  <testcase classname="Tests.TestSuite" name="test4" time="0.002"/>
</testsuite> <!-- Default test -->
