<?xml version="1.0" encoding="UTF-8"?>
<testng-results ignored="0" total="4" passed="4" failed="0" skipped="0">
  <reporter-output>
    <line>
      <![CDATA[Test 1 executed]]>
    </line>
    <line>
      <![CDATA[Test 2 executed]]>
    </line>
    <line>
      <![CDATA[Test 3 executed]]>
    </line>
    <line>
      <![CDATA[Test 4 executed]]>
    </line>
  </reporter-output>
  <suite started-at="2025-01-29T17:58:03 GMT+05:00" name="Default suite" finished-at="2025-01-29T17:58:03 GMT+05:00" duration-ms="314">
    <groups>
      <group name="database">
        <method signature="TestSuite.test1()[pri:0, instance:Tests.TestSuite@1b266842]" name="test1" class="Tests.TestSuite"/>
      </group> <!-- database -->
    </groups>
    <test started-at="2025-01-29T17:58:03 GMT+05:00" name="Default test" finished-at="2025-01-29T17:58:03 GMT+05:00" duration-ms="314">
      <class name="Tests.TestSuite">
        <test-method is-config="true" signature="prep()[pri:0, instance:Tests.TestSuite@1b266842]" started-at="2025-01-29T17:58:03 GMT+05:00" name="prep" finished-at="2025-01-29T17:58:03 GMT+05:00" duration-ms="5" status="PASS">
          <reporter-output>
          </reporter-output>
        </test-method> <!-- prep -->
        <test-method is-config="true" signature="beforeT()[pri:0, instance:Tests.TestSuite@1b266842]" started-at="2025-01-29T17:58:03 GMT+05:00" name="beforeT" finished-at="2025-01-29T17:58:03 GMT+05:00" duration-ms="2" status="PASS">
          <reporter-output>
          </reporter-output>
        </test-method> <!-- beforeT -->
        <test-method is-config="true" signature="startTest()[pri:0, instance:Tests.TestSuite@1b266842]" started-at="2025-01-29T17:58:03 GMT+05:00" name="startTest" finished-at="2025-01-29T17:58:03 GMT+05:00" duration-ms="76" status="PASS">
          <reporter-output>
          </reporter-output>
        </test-method> <!-- startTest -->
        <test-method signature="test1()[pri:0, instance:Tests.TestSuite@1b266842]" started-at="2025-01-29T17:58:03 GMT+05:00" name="test1" finished-at="2025-01-29T17:58:03 GMT+05:00" duration-ms="10" status="PASS">
          <reporter-output>
            <line>
              <![CDATA[Test 1 executed]]>
            </line>
          </reporter-output>
        </test-method> <!-- test1 -->
        <test-method is-config="true" signature="beforeM()[pri:0, instance:Tests.TestSuite@1b266842]" started-at="2025-01-29T17:58:03 GMT+05:00" name="beforeM" finished-at="2025-01-29T17:58:03 GMT+05:00" duration-ms="0" status="PASS">
          <reporter-output>
          </reporter-output>
        </test-method> <!-- beforeM -->
        <test-method is-config="true" signature="afterM()[pri:0, instance:Tests.TestSuite@1b266842]" started-at="2025-01-29T17:58:03 GMT+05:00" name="afterM" finished-at="2025-01-29T17:58:03 GMT+05:00" duration-ms="1" status="PASS">
          <reporter-output>
          </reporter-output>
        </test-method> <!-- afterM -->
        <test-method signature="test2()[pri:0, instance:Tests.TestSuite@1b266842]" started-at="2025-01-29T17:58:03 GMT+05:00" name="test2" finished-at="2025-01-29T17:58:03 GMT+05:00" duration-ms="1" status="PASS">
          <reporter-output>
            <line>
              <![CDATA[Test 2 executed]]>
            </line>
          </reporter-output>
        </test-method> <!-- test2 -->
        <test-method is-config="true" signature="beforeM()[pri:0, instance:Tests.TestSuite@1b266842]" started-at="2025-01-29T17:58:03 GMT+05:00" name="beforeM" finished-at="2025-01-29T17:58:03 GMT+05:00" duration-ms="0" status="PASS">
          <reporter-output>
          </reporter-output>
        </test-method> <!-- beforeM -->
        <test-method is-config="true" signature="afterM()[pri:0, instance:Tests.TestSuite@1b266842]" started-at="2025-01-29T17:58:03 GMT+05:00" name="afterM" finished-at="2025-01-29T17:58:03 GMT+05:00" duration-ms="0" status="PASS">
          <reporter-output>
          </reporter-output>
        </test-method> <!-- afterM -->
        <test-method is-config="true" signature="beforeM()[pri:0, instance:Tests.TestSuite@1b266842]" started-at="2025-01-29T17:58:03 GMT+05:00" name="beforeM" finished-at="2025-01-29T17:58:03 GMT+05:00" duration-ms="0" status="PASS">
          <reporter-output>
          </reporter-output>
        </test-method> <!-- beforeM -->
        <test-method signature="test3()[pri:0, instance:Tests.TestSuite@1b266842]" started-at="2025-01-29T17:58:03 GMT+05:00" name="test3" finished-at="2025-01-29T17:58:03 GMT+05:00" duration-ms="6" status="PASS">
          <reporter-output>
            <line>
              <![CDATA[Test 3 executed]]>
            </line>
          </reporter-output>
        </test-method> <!-- test3 -->
        <test-method signature="test4()[pri:0, instance:Tests.TestSuite@1b266842]" started-at="2025-01-29T17:58:03 GMT+05:00" name="test4" finished-at="2025-01-29T17:58:03 GMT+05:00" duration-ms="2" status="PASS">
          <reporter-output>
            <line>
              <![CDATA[Test 4 executed]]>
            </line>
          </reporter-output>
        </test-method> <!-- test4 -->
        <test-method is-config="true" signature="afterM()[pri:0, instance:Tests.TestSuite@1b266842]" started-at="2025-01-29T17:58:03 GMT+05:00" name="afterM" finished-at="2025-01-29T17:58:03 GMT+05:00" duration-ms="0" status="PASS">
          <reporter-output>
          </reporter-output>
        </test-method> <!-- afterM -->
        <test-method is-config="true" signature="beforeM()[pri:0, instance:Tests.TestSuite@1b266842]" started-at="2025-01-29T17:58:03 GMT+05:00" name="beforeM" finished-at="2025-01-29T17:58:03 GMT+05:00" duration-ms="0" status="PASS">
          <reporter-output>
          </reporter-output>
        </test-method> <!-- beforeM -->
        <test-method is-config="true" signature="afterM()[pri:0, instance:Tests.TestSuite@1b266842]" started-at="2025-01-29T17:58:03 GMT+05:00" name="afterM" finished-at="2025-01-29T17:58:03 GMT+05:00" duration-ms="2" status="PASS">
          <reporter-output>
          </reporter-output>
        </test-method> <!-- afterM -->
        <test-method is-config="true" signature="testFlush()[pri:0, instance:Tests.TestSuite@1b266842]" started-at="2025-01-29T17:58:03 GMT+05:00" name="testFlush" finished-at="2025-01-29T17:58:03 GMT+05:00" duration-ms="188" status="PASS">
          <reporter-output>
          </reporter-output>
        </test-method> <!-- testFlush -->
        <test-method is-config="true" signature="afterT()[pri:0, instance:Tests.TestSuite@1b266842]" started-at="2025-01-29T17:58:03 GMT+05:00" name="afterT" finished-at="2025-01-29T17:58:03 GMT+05:00" duration-ms="1" status="PASS">
          <reporter-output>
          </reporter-output>
        </test-method> <!-- afterT -->
        <test-method is-config="true" signature="exit()[pri:0, instance:Tests.TestSuite@1b266842]" started-at="2025-01-29T17:58:03 GMT+05:00" name="exit" finished-at="2025-01-29T17:58:03 GMT+05:00" duration-ms="1" status="PASS">
          <reporter-output>
          </reporter-output>
        </test-method> <!-- exit -->
      </class> <!-- Tests.TestSuite -->
    </test> <!-- Default test -->
  </suite> <!-- Default suite -->
</testng-results>
